Compilazione avviata 20/05/2014 15:14:16.
     1>Progetto "C:\Users\Andrea\Desktop\myProj\secure-rfid-login\app\libwebsockets-master\build\secure-rfid-login.vcxproj" sul nodo 2 (destinazioni: build).
     1>InitializeBuildStatus:
         Creazione di "secure-rfid-login.dir\Debug\secure-rfid-login.unsuccessfulbuild". È stato specificato "AlwaysCreate".
       CustomBuild:
         Building Custom Rule C:/Users/Andrea/Desktop/myProj/secure-rfid-login/app/libwebsockets-master/CMakeLists.txt
         CMake does not need to re-run because C:\Users\Andrea\Desktop\myProj\secure-rfid-login\app\libwebsockets-master\build\CMakeFiles\generate.stamp is up-to-date.
       ClCompile:
         c:\Program Files (x86)\Microsoft Visual Studio 10.0\VC\bin\CL.exe /c /I"C:\Users\Andrea\Desktop\myProj\secure-rfid-login\app\libwebsockets-master\build" /I"C:\Users\Andrea\Desktop\myProj\secure-rfid-login\app\libwebsockets-master\lib" /I"C:\Users\Andrea\Desktop\myProj\secure-rfid-login\app\libwebsockets-master\win32port\win32helpers" /I"C:\Users\Andrea\Desktop\myProj\secure-rfid-login\app\libwebsockets-master\win32port\zlib" /I"C:\OpenSSL-Win32\include" /Zi /nologo /W3 /WX- /Od /Ob0 /Oy- /D WIN32 /D _WINDOWS /D _DEBUG /D "INSTALL_DATADIR=\"C:/Program Files (x86)/libwebsockets/share\"" /D CMAKE_BUILD /D _CRT_SECURE_NO_DEPRECATE /D _CRT_NONSTDC_NO_DEPRECATE /D "CMAKE_INTDIR=\"Debug\"" /D _MBCS /Gm- /RTC1 /MDd /GS /fp:precise /Zc:wchar_t /Zc:forScope /Fo"secure-rfid-login.dir\Debug\\" /Fd"secure-rfid-login.dir\Debug\vc100.pdb" /Gd /TC /analyze- /errorReport:prompt ..\srl\ArduinoRFID.c ..\srl\ArgoRFID_Reader.c ..\srl\rs232.c "..\srl\secure-rfid-login.c" ..\srl\tray.c ..\win32port\win32helpers\getopt.c ..\win32port\win32helpers\getopt_long.c ..\win32port\win32helpers\gettimeofday.c
         ArduinoRFID.c
     1>..\srl\ArduinoRFID.c(20): warning C4101: 'uid': variabile locale senza riferimenti
     1>..\srl\ArduinoRFID.c(189): warning C4029: dichiarato un elenco di parametri formali diverso dalla definizione
         ArgoRFID_Reader.c
         rs232.c
         secure-rfid-login.c
     1>..\srl\secure-rfid-login.c(100): warning C4047: 'funzione': 'const char *' differisce da 'unsigned char' nei livelli di riferimento indiretto
     1>..\srl\secure-rfid-login.c(100): warning C4024: 'strcpy_s': tipi diversi tra il parametro 3 formale e quello effettivo
     1>..\srl\secure-rfid-login.c(101): warning C4047: 'funzione': 'const char *' differisce da 'unsigned char' nei livelli di riferimento indiretto
     1>..\srl\secure-rfid-login.c(101): warning C4024: 'strcpy_s': tipi diversi tra il parametro 3 formale e quello effettivo
     1>..\srl\secure-rfid-login.c(90): warning C4101: 'res': variabile locale senza riferimenti
     1>..\srl\secure-rfid-login.c(181): warning C4013: 'open' non definita. Verrà considerata come esterna che restituisce un int.
     1>..\srl\secure-rfid-login.c(215): warning C4013: 'close' non definita. Verrà considerata come esterna che restituisce un int.
     1>..\srl\secure-rfid-login.c(255): warning C4013: 'read' non definita. Verrà considerata come esterna che restituisce un int.
     1>..\srl\secure-rfid-login.c(272): warning C4013: 'lseek' non definita. Verrà considerata come esterna che restituisce un int.
     1>..\srl\secure-rfid-login.c(610): warning C4018: '<': errata corrispondenza tra signed e unsigned
     1>..\srl\secure-rfid-login.c(614): warning C4018: '<': errata corrispondenza tra signed e unsigned
         tray.c
     1>..\srl\tray.c(58): error C2065: 'retuhIconSmrn': identificatore non dichiarato
     1>..\srl\tray.c(58): error C2143: errore di sintassi: ';' mancante prima di 'constant'
         getopt.c
         getopt_long.c
         gettimeofday.c
         Generazione del codice in corso...
     1>c:\users\andrea\desktop\myproj\secure-rfid-login\app\libwebsockets-master\srl\arduinorfid.c(150): warning C4715: 'compare_keep_alive': non tutti i percorsi di controllo restituiscono un valore
     1>Compilazione progetto "C:\Users\Andrea\Desktop\myProj\secure-rfid-login\app\libwebsockets-master\build\secure-rfid-login.vcxproj" (destinazioni: build) NON COMPLETATA.

Compilazione NON RIUSCITA.

Tempo trascorso 00:00:08.30
